# JRE version: OpenJDK Runtime Environment Temurin-21.0.6+7 (21.0.6+7) (build 21.0.6+7-LTS)
# Java VM: OpenJDK 64-Bit Server VM Temurin-21.0.6+7 (21.0.6+7-LTS, mixed mode, emulated-client, sharing, tiered, compressed oops, compressed class ptrs, g1 gc, windows-amd64)
GC Precious Log:
 CardTable entry size: 512
 Card Set container configuration: InlinePtr #cards 5 size 8 Array Of Cards #cards 12 size 40 Howl #buckets 4 coarsen threshold 1843 Howl Bitmap #cards 512 size 80 coarsen threshold 460 Card regions per heap region 1 cards per card region 2048
 CPUs: 8 total, 8 available
 Memory: 7926M
 Large Page Support: Disabled
 NUMA Support: Disabled
 Compressed Oops: Enabled (32-bit)
 Heap Region Size: 1M
 Heap Min Capacity: 8M
 Heap Initial Capacity: 124M
 Heap Max Capacity: 1G
 Pre-touch: Disabled
 Parallel Workers: 8
 Concurrent Workers: 2
 Concurrent Refinement Workers: 8
 Periodic GC: Disabled
Heap:
 garbage-first heap   total 126976K, used 24460K [0x00000000c0000000, 0x0000000100000000)
  region size 1024K, 11 young (11264K), 4 survivors (4096K)
 Metaspace       used 18764K, committed 19072K, reserved 1114112K
  class space    used 2422K, committed 2560K, reserved 1048576K
GC Heap History (6 events):
Event: 3.949 GC heap before
{Heap before GC invocations=0 (full 0):
 garbage-first heap   total 126976K, used 24576K [0x00000000c0000000, 0x0000000100000000)
  region size 1024K, 23 young (23552K), 0 survivors (0K)
 Metaspace       used 2922K, committed 3072K, reserved 1114112K
  class space    used 380K, committed 448K, reserved 1048576K
}
Event: 3.963 GC heap after
{Heap after GC invocations=1 (full 0):
 garbage-first heap   total 126976K, used 11712K [0x00000000c0000000, 0x0000000100000000)
  region size 1024K, 3 young (3072K), 3 survivors (3072K)
 Metaspace       used 2922K, committed 3072K, reserved 1114112K
  class space    used 380K, committed 448K, reserved 1048576K
}
Event: 5.283 GC heap before
{Heap before GC invocations=1 (full 0):
 garbage-first heap   total 126976K, used 33216K [0x00000000c0000000, 0x0000000100000000)
  region size 1024K, 24 young (24576K), 3 survivors (3072K)
 Metaspace       used 9806K, committed 9984K, reserved 1114112K
  class space    used 1341K, committed 1408K, reserved 1048576K
}
Event: 5.297 GC heap after
{Heap after GC invocations=2 (full 0):
 garbage-first heap   total 126976K, used 14958K [0x00000000c0000000, 0x0000000100000000)
  region size 1024K, 3 young (3072K), 3 survivors (3072K)
 Metaspace       used 9806K, committed 9984K, reserved 1114112K
  class space    used 1341K, committed 1408K, reserved 1048576K
}
Event: 6.175 GC heap before
{Heap before GC invocations=2 (full 0):
 garbage-first heap   total 126976K, used 51822K [0x00000000c0000000, 0x0000000100000000)
  region size 1024K, 40 young (40960K), 3 survivors (3072K)
 Metaspace       used 17333K, committed 17600K, reserved 1114112K
  class space    used 2206K, committed 2304K, reserved 1048576K
}
Event: 6.187 GC heap after
{Heap after GC invocations=3 (full 0):
 garbage-first heap   total 126976K, used 18316K [0x00000000c0000000, 0x0000000100000000)
  region size 1024K, 4 young (4096K), 4 survivors (4096K)
 Metaspace       used 17333K, committed 17600K, reserved 1114112K
  class space    used 2206K, committed 2304K, reserved 1048576K
}

