# JRE version: OpenJDK Runtime Environment Temurin-21.0.6+7 (21.0.6+7) (build 21.0.6+7-LTS)
# Java VM: OpenJDK 64-Bit Server VM Temurin-21.0.6+7 (21.0.6+7-LTS, mixed mode, emulated-client, sharing, tiered, compressed oops, compressed class ptrs, g1 gc, windows-amd64)
GC Precious Log:
 CardTable entry size: 512
 Card Set container configuration: InlinePtr #cards 5 size 8 Array Of Cards #cards 12 size 40 Howl #buckets 4 coarsen threshold 1843 Howl Bitmap #cards 512 size 80 coarsen threshold 460 Card regions per heap region 1 cards per card region 2048
 CPUs: 8 total, 8 available
 Memory: 7926M
 Large Page Support: Disabled
 NUMA Support: Disabled
 Compressed Oops: Enabled (32-bit)
 Heap Region Size: 1M
 Heap Min Capacity: 8M
 Heap Initial Capacity: 124M
 Heap Max Capacity: 1G
 Pre-touch: Disabled
 Parallel Workers: 8
 Concurrent Workers: 2
 Concurrent Refinement Workers: 8
 Periodic GC: Disabled
Heap:
 garbage-first heap   total 87040K, used 34843K [0x00000000c0000000, 0x0000000100000000)
  region size 1024K, 1 young (1024K), 0 survivors (0K)
 Metaspace       used 56207K, committed 57024K, reserved 1114112K
  class space    used 6938K, committed 7296K, reserved 1048576K
GC Heap History (20 events):
Event: 1140.595 GC heap after
{Heap after GC invocations=97 (full 81):
 garbage-first heap   total 87040K, used 34843K [0x00000000c0000000, 0x0000000100000000)
  region size 1024K, 0 young (0K), 0 survivors (0K)
 Metaspace       used 56207K, committed 57024K, reserved 1114112K
  class space    used 6938K, committed 7296K, reserved 1048576K
}
Event: 1151.517 GC heap before
{Heap before GC invocations=97 (full 81):
 garbage-first heap   total 87040K, used 34843K [0x00000000c0000000, 0x0000000100000000)
  region size 1024K, 1 young (1024K), 0 survivors (0K)
 Metaspace       used 56207K, committed 57024K, reserved 1114112K
  class space    used 6938K, committed 7296K, reserved 1048576K
}
Event: 1151.558 GC heap after
{Heap after GC invocations=98 (full 82):
 garbage-first heap   total 87040K, used 34843K [0x00000000c0000000, 0x0000000100000000)
  region size 1024K, 0 young (0K), 0 survivors (0K)
 Metaspace       used 56207K, committed 57024K, reserved 1114112K
  class space    used 6938K, committed 7296K, reserved 1048576K
}
Event: 1162.438 GC heap before
{Heap before GC invocations=98 (full 82):
 garbage-first heap   total 87040K, used 34843K [0x00000000c0000000, 0x0000000100000000)
  region size 1024K, 1 young (1024K), 0 survivors (0K)
 Metaspace       used 56207K, committed 57024K, reserved 1114112K
  class space    used 6938K, committed 7296K, reserved 1048576K
}
Event: 1162.486 GC heap after
{Heap after GC invocations=99 (full 83):
 garbage-first heap   total 87040K, used 34843K [0x00000000c0000000, 0x0000000100000000)
  region size 1024K, 0 young (0K), 0 survivors (0K)
 Metaspace       used 56207K, committed 57024K, reserved 1114112K
  class space    used 6938K, committed 7296K, reserved 1048576K
}
Event: 1173.424 GC heap before
{Heap before GC invocations=99 (full 83):
 garbage-first heap   total 87040K, used 34843K [0x00000000c0000000, 0x0000000100000000)
  region size 1024K, 1 young (1024K), 0 survivors (0K)
 Metaspace       used 56207K, committed 57024K, reserved 1114112K
  class space    used 6938K, committed 7296K, reserved 1048576K
}
Event: 1173.462 GC heap after
{Heap after GC invocations=100 (full 84):
 garbage-first heap   total 87040K, used 34843K [0x00000000c0000000, 0x0000000100000000)
  region size 1024K, 0 young (0K), 0 survivors (0K)
 Metaspace       used 56207K, committed 57024K, reserved 1114112K
  class space    used 6938K, committed 7296K, reserved 1048576K
}
Event: 1184.212 GC heap before
{Heap before GC invocations=100 (full 84):
 garbage-first heap   total 87040K, used 34843K [0x00000000c0000000, 0x0000000100000000)
  region size 1024K, 1 young (1024K), 0 survivors (0K)
 Metaspace       used 56207K, committed 57024K, reserved 1114112K
  class space    used 6938K, committed 7296K, reserved 1048576K
}
Event: 1184.255 GC heap after
{Heap after GC invocations=101 (full 85):
 garbage-first heap   total 87040K, used 34843K [0x00000000c0000000, 0x0000000100000000)
  region size 1024K, 0 young (0K), 0 survivors (0K)
 Metaspace       used 56207K, committed 57024K, reserved 1114112K
  class space    used 6938K, committed 7296K, reserved 1048576K
}
Event: 1195.238 GC heap before
{Heap before GC invocations=101 (full 85):
 garbage-first heap   total 87040K, used 34843K [0x00000000c0000000, 0x0000000100000000)
  region size 1024K, 1 young (1024K), 0 survivors (0K)
 Metaspace       used 56207K, committed 57024K, reserved 1114112K
  class space    used 6938K, committed 7296K, reserved 1048576K
}
Event: 1195.290 GC heap after
{Heap after GC invocations=102 (full 86):
 garbage-first heap   total 87040K, used 34843K [0x00000000c0000000, 0x0000000100000000)
  region size 1024K, 0 young (0K), 0 survivors (0K)
 Metaspace       used 56207K, committed 57024K, reserved 1114112K
  class space    used 6938K, committed 7296K, reserved 1048576K
}
Event: 1206.320 GC heap before
{Heap before GC invocations=102 (full 86):
 garbage-first heap   total 87040K, used 34843K [0x00000000c0000000, 0x0000000100000000)
  region size 1024K, 1 young (1024K), 0 survivors (0K)
 Metaspace       used 56207K, committed 57024K, reserved 1114112K
  class space    used 6938K, committed 7296K, reserved 1048576K
}
Event: 1206.381 GC heap after
{Heap after GC invocations=103 (full 87):
 garbage-first heap   total 87040K, used 34843K [0x00000000c0000000, 0x0000000100000000)
  region size 1024K, 0 young (0K), 0 survivors (0K)
 Metaspace       used 56207K, committed 57024K, reserved 1114112K
  class space    used 6938K, committed 7296K, reserved 1048576K
}
Event: 1217.400 GC heap before
{Heap before GC invocations=103 (full 87):
 garbage-first heap   total 87040K, used 34843K [0x00000000c0000000, 0x0000000100000000)
  region size 1024K, 1 young (1024K), 0 survivors (0K)
 Metaspace       used 56207K, committed 57024K, reserved 1114112K
  class space    used 6938K, committed 7296K, reserved 1048576K
}
Event: 1217.437 GC heap after
{Heap after GC invocations=104 (full 88):
 garbage-first heap   total 87040K, used 34843K [0x00000000c0000000, 0x0000000100000000)
  region size 1024K, 0 young (0K), 0 survivors (0K)
 Metaspace       used 56207K, committed 57024K, reserved 1114112K
  class space    used 6938K, committed 7296K, reserved 1048576K
}
Event: 1228.337 GC heap before
{Heap before GC invocations=104 (full 88):
 garbage-first heap   total 87040K, used 34843K [0x00000000c0000000, 0x0000000100000000)
  region size 1024K, 1 young (1024K), 0 survivors (0K)
 Metaspace       used 56207K, committed 57024K, reserved 1114112K
  class space    used 6938K, committed 7296K, reserved 1048576K
}
Event: 1228.381 GC heap after
{Heap after GC invocations=105 (full 89):
 garbage-first heap   total 87040K, used 34843K [0x00000000c0000000, 0x0000000100000000)
  region size 1024K, 0 young (0K), 0 survivors (0K)
 Metaspace       used 56207K, committed 57024K, reserved 1114112K
  class space    used 6938K, committed 7296K, reserved 1048576K
}
Event: 1239.386 GC heap before
{Heap before GC invocations=105 (full 89):
 garbage-first heap   total 87040K, used 34843K [0x00000000c0000000, 0x0000000100000000)
  region size 1024K, 1 young (1024K), 0 survivors (0K)
 Metaspace       used 56207K, committed 57024K, reserved 1114112K
  class space    used 6938K, committed 7296K, reserved 1048576K
}
Event: 1239.433 GC heap after
{Heap after GC invocations=106 (full 90):
 garbage-first heap   total 87040K, used 34843K [0x00000000c0000000, 0x0000000100000000)
  region size 1024K, 0 young (0K), 0 survivors (0K)
 Metaspace       used 56207K, committed 57024K, reserved 1114112K
  class space    used 6938K, committed 7296K, reserved 1048576K
}
Event: 1250.375 GC heap before
{Heap before GC invocations=106 (full 90):
 garbage-first heap   total 87040K, used 34843K [0x00000000c0000000, 0x0000000100000000)
  region size 1024K, 1 young (1024K), 0 survivors (0K)
 Metaspace       used 56207K, committed 57024K, reserved 1114112K
  class space    used 6938K, committed 7296K, reserved 1048576K
}

